Jun 26 2024 15:09:24
{"Number":8192,"Message":"explode(): Passing null to parameter #2 ($string) of type string is deprecated","File":"D:\\B- PC\\LOCAL FILES PROJECTS\\GERMAN EYE CARE\\app\\public\\wp-content\\plugins\\All-In-One-WP-Migration-Pro-master\\functions.php","Line":338}

Jun 26 2024 15:09:24
{"type":8192,"message":"Return type of Ai1wm_Recursive_Newline_Filter::accept() should either be compatible with FilterIterator::accept(): bool, or the #[\\ReturnTypeWillChange] attribute should be used to temporarily suppress the notice","file":"D:\\B- PC\\LOCAL FILES PROJECTS\\GERMAN EYE CARE\\app\\public\\wp-content\\plugins\\All-In-One-WP-Migration-Pro-master\\lib\\vendor\\servmask\\filter\\class-ai1wm-recursive-newline-filter.php","line":28}

Jun 26 2024 15:09:26
{"type":8192,"message":"Return type of Ai1wm_Recursive_Newline_Filter::accept() should either be compatible with FilterIterator::accept(): bool, or the #[\\ReturnTypeWillChange] attribute should be used to temporarily suppress the notice","file":"D:\\B- PC\\LOCAL FILES PROJECTS\\GERMAN EYE CARE\\app\\public\\wp-content\\plugins\\All-In-One-WP-Migration-Pro-master\\lib\\vendor\\servmask\\filter\\class-ai1wm-recursive-newline-filter.php","line":28}

Jun 26 2024 15:09:28
{"type":8192,"message":"Return type of Ai1wm_Recursive_Newline_Filter::accept() should either be compatible with FilterIterator::accept(): bool, or the #[\\ReturnTypeWillChange] attribute should be used to temporarily suppress the notice","file":"D:\\B- PC\\LOCAL FILES PROJECTS\\GERMAN EYE CARE\\app\\public\\wp-content\\plugins\\All-In-One-WP-Migration-Pro-master\\lib\\vendor\\servmask\\filter\\class-ai1wm-recursive-newline-filter.php","line":28}

Jun 26 2024 15:09:31
{"type":8192,"message":"Return type of Ai1wm_Recursive_Newline_Filter::accept() should either be compatible with FilterIterator::accept(): bool, or the #[\\ReturnTypeWillChange] attribute should be used to temporarily suppress the notice","file":"D:\\B- PC\\LOCAL FILES PROJECTS\\GERMAN EYE CARE\\app\\public\\wp-content\\plugins\\All-In-One-WP-Migration-Pro-master\\lib\\vendor\\servmask\\filter\\class-ai1wm-recursive-newline-filter.php","line":28}

Jun 26 2024 15:09:34
{"type":8192,"message":"Return type of Ai1wm_Recursive_Newline_Filter::accept() should either be compatible with FilterIterator::accept(): bool, or the #[\\ReturnTypeWillChange] attribute should be used to temporarily suppress the notice","file":"D:\\B- PC\\LOCAL FILES PROJECTS\\GERMAN EYE CARE\\app\\public\\wp-content\\plugins\\All-In-One-WP-Migration-Pro-master\\lib\\vendor\\servmask\\filter\\class-ai1wm-recursive-newline-filter.php","line":28}

Jun 26 2024 15:09:46
{"type":8192,"message":"Return type of Ai1wm_Recursive_Newline_Filter::accept() should either be compatible with FilterIterator::accept(): bool, or the #[\\ReturnTypeWillChange] attribute should be used to temporarily suppress the notice","file":"D:\\B- PC\\LOCAL FILES PROJECTS\\GERMAN EYE CARE\\app\\public\\wp-content\\plugins\\All-In-One-WP-Migration-Pro-master\\lib\\vendor\\servmask\\filter\\class-ai1wm-recursive-newline-filter.php","line":28}

Jun 26 2024 15:09:58
{"type":8192,"message":"Return type of Ai1wm_Recursive_Newline_Filter::accept() should either be compatible with FilterIterator::accept(): bool, or the #[\\ReturnTypeWillChange] attribute should be used to temporarily suppress the notice","file":"D:\\B- PC\\LOCAL FILES PROJECTS\\GERMAN EYE CARE\\app\\public\\wp-content\\plugins\\All-In-One-WP-Migration-Pro-master\\lib\\vendor\\servmask\\filter\\class-ai1wm-recursive-newline-filter.php","line":28}

Jun 26 2024 15:10:11
{"type":8192,"message":"Return type of Ai1wm_Recursive_Newline_Filter::accept() should either be compatible with FilterIterator::accept(): bool, or the #[\\ReturnTypeWillChange] attribute should be used to temporarily suppress the notice","file":"D:\\B- PC\\LOCAL FILES PROJECTS\\GERMAN EYE CARE\\app\\public\\wp-content\\plugins\\All-In-One-WP-Migration-Pro-master\\lib\\vendor\\servmask\\filter\\class-ai1wm-recursive-newline-filter.php","line":28}

Jun 26 2024 15:10:23
{"type":8192,"message":"Return type of Ai1wm_Recursive_Newline_Filter::accept() should either be compatible with FilterIterator::accept(): bool, or the #[\\ReturnTypeWillChange] attribute should be used to temporarily suppress the notice","file":"D:\\B- PC\\LOCAL FILES PROJECTS\\GERMAN EYE CARE\\app\\public\\wp-content\\plugins\\All-In-One-WP-Migration-Pro-master\\lib\\vendor\\servmask\\filter\\class-ai1wm-recursive-newline-filter.php","line":28}

Jun 26 2024 15:10:36
{"type":8192,"message":"Return type of Ai1wm_Recursive_Newline_Filter::accept() should either be compatible with FilterIterator::accept(): bool, or the #[\\ReturnTypeWillChange] attribute should be used to temporarily suppress the notice","file":"D:\\B- PC\\LOCAL FILES PROJECTS\\GERMAN EYE CARE\\app\\public\\wp-content\\plugins\\All-In-One-WP-Migration-Pro-master\\lib\\vendor\\servmask\\filter\\class-ai1wm-recursive-newline-filter.php","line":28}

Jun 26 2024 15:10:49
{"type":8192,"message":"Return type of Ai1wm_Recursive_Newline_Filter::accept() should either be compatible with FilterIterator::accept(): bool, or the #[\\ReturnTypeWillChange] attribute should be used to temporarily suppress the notice","file":"D:\\B- PC\\LOCAL FILES PROJECTS\\GERMAN EYE CARE\\app\\public\\wp-content\\plugins\\All-In-One-WP-Migration-Pro-master\\lib\\vendor\\servmask\\filter\\class-ai1wm-recursive-newline-filter.php","line":28}

Jun 26 2024 15:11:01
{"type":8192,"message":"Return type of Ai1wm_Recursive_Newline_Filter::accept() should either be compatible with FilterIterator::accept(): bool, or the #[\\ReturnTypeWillChange] attribute should be used to temporarily suppress the notice","file":"D:\\B- PC\\LOCAL FILES PROJECTS\\GERMAN EYE CARE\\app\\public\\wp-content\\plugins\\All-In-One-WP-Migration-Pro-master\\lib\\vendor\\servmask\\filter\\class-ai1wm-recursive-newline-filter.php","line":28}

Jun 26 2024 15:11:06
{"type":8192,"message":"Return type of Ai1wm_Recursive_Newline_Filter::accept() should either be compatible with FilterIterator::accept(): bool, or the #[\\ReturnTypeWillChange] attribute should be used to temporarily suppress the notice","file":"D:\\B- PC\\LOCAL FILES PROJECTS\\GERMAN EYE CARE\\app\\public\\wp-content\\plugins\\All-In-One-WP-Migration-Pro-master\\lib\\vendor\\servmask\\filter\\class-ai1wm-recursive-newline-filter.php","line":28}

Jun 26 2024 15:11:09
{"type":8192,"message":"Return type of Ai1wm_Recursive_Newline_Filter::accept() should either be compatible with FilterIterator::accept(): bool, or the #[\\ReturnTypeWillChange] attribute should be used to temporarily suppress the notice","file":"D:\\B- PC\\LOCAL FILES PROJECTS\\GERMAN EYE CARE\\app\\public\\wp-content\\plugins\\All-In-One-WP-Migration-Pro-master\\lib\\vendor\\servmask\\filter\\class-ai1wm-recursive-newline-filter.php","line":28}

Jun 26 2024 15:11:11
{"type":8192,"message":"Return type of Ai1wm_Recursive_Newline_Filter::accept() should either be compatible with FilterIterator::accept(): bool, or the #[\\ReturnTypeWillChange] attribute should be used to temporarily suppress the notice","file":"D:\\B- PC\\LOCAL FILES PROJECTS\\GERMAN EYE CARE\\app\\public\\wp-content\\plugins\\All-In-One-WP-Migration-Pro-master\\lib\\vendor\\servmask\\filter\\class-ai1wm-recursive-newline-filter.php","line":28}

Jun 26 2024 15:11:13
{"type":8192,"message":"Return type of Ai1wm_Recursive_Newline_Filter::accept() should either be compatible with FilterIterator::accept(): bool, or the #[\\ReturnTypeWillChange] attribute should be used to temporarily suppress the notice","file":"D:\\B- PC\\LOCAL FILES PROJECTS\\GERMAN EYE CARE\\app\\public\\wp-content\\plugins\\All-In-One-WP-Migration-Pro-master\\lib\\vendor\\servmask\\filter\\class-ai1wm-recursive-newline-filter.php","line":28}

Jun 26 2024 15:11:16
{"type":8192,"message":"Return type of Ai1wm_Recursive_Newline_Filter::accept() should either be compatible with FilterIterator::accept(): bool, or the #[\\ReturnTypeWillChange] attribute should be used to temporarily suppress the notice","file":"D:\\B- PC\\LOCAL FILES PROJECTS\\GERMAN EYE CARE\\app\\public\\wp-content\\plugins\\All-In-One-WP-Migration-Pro-master\\lib\\vendor\\servmask\\filter\\class-ai1wm-recursive-newline-filter.php","line":28}

Jun 27 2024 14:36:58
{"Number":8192,"Message":"explode(): Passing null to parameter #2 ($string) of type string is deprecated","File":"D:\\B- PC\\LOCAL FILES PROJECTS\\GERMAN EYE CARE\\app\\public\\wp-content\\plugins\\All-In-One-WP-Migration-Pro-master\\functions.php","Line":338}

Jun 27 2024 14:36:59
{"type":8192,"message":"Return type of Ai1wm_Recursive_Newline_Filter::accept() should either be compatible with FilterIterator::accept(): bool, or the #[\\ReturnTypeWillChange] attribute should be used to temporarily suppress the notice","file":"D:\\B- PC\\LOCAL FILES PROJECTS\\GERMAN EYE CARE\\app\\public\\wp-content\\plugins\\All-In-One-WP-Migration-Pro-master\\lib\\vendor\\servmask\\filter\\class-ai1wm-recursive-newline-filter.php","line":28}

Jun 27 2024 14:37:01
{"type":8192,"message":"Return type of Ai1wm_Recursive_Newline_Filter::accept() should either be compatible with FilterIterator::accept(): bool, or the #[\\ReturnTypeWillChange] attribute should be used to temporarily suppress the notice","file":"D:\\B- PC\\LOCAL FILES PROJECTS\\GERMAN EYE CARE\\app\\public\\wp-content\\plugins\\All-In-One-WP-Migration-Pro-master\\lib\\vendor\\servmask\\filter\\class-ai1wm-recursive-newline-filter.php","line":28}

Jun 27 2024 14:37:04
{"type":8192,"message":"Return type of Ai1wm_Recursive_Newline_Filter::accept() should either be compatible with FilterIterator::accept(): bool, or the #[\\ReturnTypeWillChange] attribute should be used to temporarily suppress the notice","file":"D:\\B- PC\\LOCAL FILES PROJECTS\\GERMAN EYE CARE\\app\\public\\wp-content\\plugins\\All-In-One-WP-Migration-Pro-master\\lib\\vendor\\servmask\\filter\\class-ai1wm-recursive-newline-filter.php","line":28}

Jun 27 2024 14:37:06
{"type":8192,"message":"Return type of Ai1wm_Recursive_Newline_Filter::accept() should either be compatible with FilterIterator::accept(): bool, or the #[\\ReturnTypeWillChange] attribute should be used to temporarily suppress the notice","file":"D:\\B- PC\\LOCAL FILES PROJECTS\\GERMAN EYE CARE\\app\\public\\wp-content\\plugins\\All-In-One-WP-Migration-Pro-master\\lib\\vendor\\servmask\\filter\\class-ai1wm-recursive-newline-filter.php","line":28}

Jun 27 2024 14:37:09
{"type":8192,"message":"Return type of Ai1wm_Recursive_Newline_Filter::accept() should either be compatible with FilterIterator::accept(): bool, or the #[\\ReturnTypeWillChange] attribute should be used to temporarily suppress the notice","file":"D:\\B- PC\\LOCAL FILES PROJECTS\\GERMAN EYE CARE\\app\\public\\wp-content\\plugins\\All-In-One-WP-Migration-Pro-master\\lib\\vendor\\servmask\\filter\\class-ai1wm-recursive-newline-filter.php","line":28}

Jun 27 2024 14:37:22
{"type":8192,"message":"Return type of Ai1wm_Recursive_Newline_Filter::accept() should either be compatible with FilterIterator::accept(): bool, or the #[\\ReturnTypeWillChange] attribute should be used to temporarily suppress the notice","file":"D:\\B- PC\\LOCAL FILES PROJECTS\\GERMAN EYE CARE\\app\\public\\wp-content\\plugins\\All-In-One-WP-Migration-Pro-master\\lib\\vendor\\servmask\\filter\\class-ai1wm-recursive-newline-filter.php","line":28}

Jun 27 2024 14:37:35
{"type":8192,"message":"Return type of Ai1wm_Recursive_Newline_Filter::accept() should either be compatible with FilterIterator::accept(): bool, or the #[\\ReturnTypeWillChange] attribute should be used to temporarily suppress the notice","file":"D:\\B- PC\\LOCAL FILES PROJECTS\\GERMAN EYE CARE\\app\\public\\wp-content\\plugins\\All-In-One-WP-Migration-Pro-master\\lib\\vendor\\servmask\\filter\\class-ai1wm-recursive-newline-filter.php","line":28}

Jun 27 2024 14:37:47
{"type":8192,"message":"Return type of Ai1wm_Recursive_Newline_Filter::accept() should either be compatible with FilterIterator::accept(): bool, or the #[\\ReturnTypeWillChange] attribute should be used to temporarily suppress the notice","file":"D:\\B- PC\\LOCAL FILES PROJECTS\\GERMAN EYE CARE\\app\\public\\wp-content\\plugins\\All-In-One-WP-Migration-Pro-master\\lib\\vendor\\servmask\\filter\\class-ai1wm-recursive-newline-filter.php","line":28}

Jun 27 2024 14:38:00
{"type":8192,"message":"Return type of Ai1wm_Recursive_Newline_Filter::accept() should either be compatible with FilterIterator::accept(): bool, or the #[\\ReturnTypeWillChange] attribute should be used to temporarily suppress the notice","file":"D:\\B- PC\\LOCAL FILES PROJECTS\\GERMAN EYE CARE\\app\\public\\wp-content\\plugins\\All-In-One-WP-Migration-Pro-master\\lib\\vendor\\servmask\\filter\\class-ai1wm-recursive-newline-filter.php","line":28}

Jun 27 2024 14:38:12
{"type":8192,"message":"Return type of Ai1wm_Recursive_Newline_Filter::accept() should either be compatible with FilterIterator::accept(): bool, or the #[\\ReturnTypeWillChange] attribute should be used to temporarily suppress the notice","file":"D:\\B- PC\\LOCAL FILES PROJECTS\\GERMAN EYE CARE\\app\\public\\wp-content\\plugins\\All-In-One-WP-Migration-Pro-master\\lib\\vendor\\servmask\\filter\\class-ai1wm-recursive-newline-filter.php","line":28}

Jun 27 2024 14:38:25
{"type":8192,"message":"Return type of Ai1wm_Recursive_Newline_Filter::accept() should either be compatible with FilterIterator::accept(): bool, or the #[\\ReturnTypeWillChange] attribute should be used to temporarily suppress the notice","file":"D:\\B- PC\\LOCAL FILES PROJECTS\\GERMAN EYE CARE\\app\\public\\wp-content\\plugins\\All-In-One-WP-Migration-Pro-master\\lib\\vendor\\servmask\\filter\\class-ai1wm-recursive-newline-filter.php","line":28}

Jun 27 2024 14:38:38
{"type":8192,"message":"Return type of Ai1wm_Recursive_Newline_Filter::accept() should either be compatible with FilterIterator::accept(): bool, or the #[\\ReturnTypeWillChange] attribute should be used to temporarily suppress the notice","file":"D:\\B- PC\\LOCAL FILES PROJECTS\\GERMAN EYE CARE\\app\\public\\wp-content\\plugins\\All-In-One-WP-Migration-Pro-master\\lib\\vendor\\servmask\\filter\\class-ai1wm-recursive-newline-filter.php","line":28}

Jun 27 2024 14:38:50
{"type":8192,"message":"Return type of Ai1wm_Recursive_Newline_Filter::accept() should either be compatible with FilterIterator::accept(): bool, or the #[\\ReturnTypeWillChange] attribute should be used to temporarily suppress the notice","file":"D:\\B- PC\\LOCAL FILES PROJECTS\\GERMAN EYE CARE\\app\\public\\wp-content\\plugins\\All-In-One-WP-Migration-Pro-master\\lib\\vendor\\servmask\\filter\\class-ai1wm-recursive-newline-filter.php","line":28}

Jun 27 2024 14:39:03
{"type":8192,"message":"Return type of Ai1wm_Recursive_Newline_Filter::accept() should either be compatible with FilterIterator::accept(): bool, or the #[\\ReturnTypeWillChange] attribute should be used to temporarily suppress the notice","file":"D:\\B- PC\\LOCAL FILES PROJECTS\\GERMAN EYE CARE\\app\\public\\wp-content\\plugins\\All-In-One-WP-Migration-Pro-master\\lib\\vendor\\servmask\\filter\\class-ai1wm-recursive-newline-filter.php","line":28}

Jun 27 2024 14:39:16
{"type":8192,"message":"Return type of Ai1wm_Recursive_Newline_Filter::accept() should either be compatible with FilterIterator::accept(): bool, or the #[\\ReturnTypeWillChange] attribute should be used to temporarily suppress the notice","file":"D:\\B- PC\\LOCAL FILES PROJECTS\\GERMAN EYE CARE\\app\\public\\wp-content\\plugins\\All-In-One-WP-Migration-Pro-master\\lib\\vendor\\servmask\\filter\\class-ai1wm-recursive-newline-filter.php","line":28}

Jun 27 2024 14:39:26
{"type":8192,"message":"Return type of Ai1wm_Recursive_Newline_Filter::accept() should either be compatible with FilterIterator::accept(): bool, or the #[\\ReturnTypeWillChange] attribute should be used to temporarily suppress the notice","file":"D:\\B- PC\\LOCAL FILES PROJECTS\\GERMAN EYE CARE\\app\\public\\wp-content\\plugins\\All-In-One-WP-Migration-Pro-master\\lib\\vendor\\servmask\\filter\\class-ai1wm-recursive-newline-filter.php","line":28}

Jun 27 2024 14:39:29
{"type":8192,"message":"Return type of Ai1wm_Recursive_Newline_Filter::accept() should either be compatible with FilterIterator::accept(): bool, or the #[\\ReturnTypeWillChange] attribute should be used to temporarily suppress the notice","file":"D:\\B- PC\\LOCAL FILES PROJECTS\\GERMAN EYE CARE\\app\\public\\wp-content\\plugins\\All-In-One-WP-Migration-Pro-master\\lib\\vendor\\servmask\\filter\\class-ai1wm-recursive-newline-filter.php","line":28}

Jun 27 2024 14:39:31
{"type":8192,"message":"Return type of Ai1wm_Recursive_Newline_Filter::accept() should either be compatible with FilterIterator::accept(): bool, or the #[\\ReturnTypeWillChange] attribute should be used to temporarily suppress the notice","file":"D:\\B- PC\\LOCAL FILES PROJECTS\\GERMAN EYE CARE\\app\\public\\wp-content\\plugins\\All-In-One-WP-Migration-Pro-master\\lib\\vendor\\servmask\\filter\\class-ai1wm-recursive-newline-filter.php","line":28}

Jun 27 2024 14:39:34
{"type":8192,"message":"Return type of Ai1wm_Recursive_Newline_Filter::accept() should either be compatible with FilterIterator::accept(): bool, or the #[\\ReturnTypeWillChange] attribute should be used to temporarily suppress the notice","file":"D:\\B- PC\\LOCAL FILES PROJECTS\\GERMAN EYE CARE\\app\\public\\wp-content\\plugins\\All-In-One-WP-Migration-Pro-master\\lib\\vendor\\servmask\\filter\\class-ai1wm-recursive-newline-filter.php","line":28}

Jun 27 2024 14:39:36
{"type":8192,"message":"Return type of Ai1wm_Recursive_Newline_Filter::accept() should either be compatible with FilterIterator::accept(): bool, or the #[\\ReturnTypeWillChange] attribute should be used to temporarily suppress the notice","file":"D:\\B- PC\\LOCAL FILES PROJECTS\\GERMAN EYE CARE\\app\\public\\wp-content\\plugins\\All-In-One-WP-Migration-Pro-master\\lib\\vendor\\servmask\\filter\\class-ai1wm-recursive-newline-filter.php","line":28}

Jun 28 2024 14:34:29
{"Number":8192,"Message":"explode(): Passing null to parameter #2 ($string) of type string is deprecated","File":"D:\\B- PC\\LOCAL FILES PROJECTS\\GERMAN EYE CARE\\app\\public\\wp-content\\plugins\\All-In-One-WP-Migration-Pro-master\\functions.php","Line":338}

Jun 28 2024 14:34:29
{"type":8192,"message":"Return type of Ai1wm_Recursive_Newline_Filter::accept() should either be compatible with FilterIterator::accept(): bool, or the #[\\ReturnTypeWillChange] attribute should be used to temporarily suppress the notice","file":"D:\\B- PC\\LOCAL FILES PROJECTS\\GERMAN EYE CARE\\app\\public\\wp-content\\plugins\\All-In-One-WP-Migration-Pro-master\\lib\\vendor\\servmask\\filter\\class-ai1wm-recursive-newline-filter.php","line":28}

Jun 28 2024 14:34:31
{"type":8192,"message":"Return type of Ai1wm_Recursive_Newline_Filter::accept() should either be compatible with FilterIterator::accept(): bool, or the #[\\ReturnTypeWillChange] attribute should be used to temporarily suppress the notice","file":"D:\\B- PC\\LOCAL FILES PROJECTS\\GERMAN EYE CARE\\app\\public\\wp-content\\plugins\\All-In-One-WP-Migration-Pro-master\\lib\\vendor\\servmask\\filter\\class-ai1wm-recursive-newline-filter.php","line":28}

Jun 28 2024 14:34:34
{"type":8192,"message":"Return type of Ai1wm_Recursive_Newline_Filter::accept() should either be compatible with FilterIterator::accept(): bool, or the #[\\ReturnTypeWillChange] attribute should be used to temporarily suppress the notice","file":"D:\\B- PC\\LOCAL FILES PROJECTS\\GERMAN EYE CARE\\app\\public\\wp-content\\plugins\\All-In-One-WP-Migration-Pro-master\\lib\\vendor\\servmask\\filter\\class-ai1wm-recursive-newline-filter.php","line":28}

Jun 28 2024 14:34:36
{"type":8192,"message":"Return type of Ai1wm_Recursive_Newline_Filter::accept() should either be compatible with FilterIterator::accept(): bool, or the #[\\ReturnTypeWillChange] attribute should be used to temporarily suppress the notice","file":"D:\\B- PC\\LOCAL FILES PROJECTS\\GERMAN EYE CARE\\app\\public\\wp-content\\plugins\\All-In-One-WP-Migration-Pro-master\\lib\\vendor\\servmask\\filter\\class-ai1wm-recursive-newline-filter.php","line":28}

Jun 28 2024 14:34:39
{"type":8192,"message":"Return type of Ai1wm_Recursive_Newline_Filter::accept() should either be compatible with FilterIterator::accept(): bool, or the #[\\ReturnTypeWillChange] attribute should be used to temporarily suppress the notice","file":"D:\\B- PC\\LOCAL FILES PROJECTS\\GERMAN EYE CARE\\app\\public\\wp-content\\plugins\\All-In-One-WP-Migration-Pro-master\\lib\\vendor\\servmask\\filter\\class-ai1wm-recursive-newline-filter.php","line":28}

Jun 28 2024 14:34:51
{"type":8192,"message":"Return type of Ai1wm_Recursive_Newline_Filter::accept() should either be compatible with FilterIterator::accept(): bool, or the #[\\ReturnTypeWillChange] attribute should be used to temporarily suppress the notice","file":"D:\\B- PC\\LOCAL FILES PROJECTS\\GERMAN EYE CARE\\app\\public\\wp-content\\plugins\\All-In-One-WP-Migration-Pro-master\\lib\\vendor\\servmask\\filter\\class-ai1wm-recursive-newline-filter.php","line":28}

Jun 28 2024 14:35:04
{"type":8192,"message":"Return type of Ai1wm_Recursive_Newline_Filter::accept() should either be compatible with FilterIterator::accept(): bool, or the #[\\ReturnTypeWillChange] attribute should be used to temporarily suppress the notice","file":"D:\\B- PC\\LOCAL FILES PROJECTS\\GERMAN EYE CARE\\app\\public\\wp-content\\plugins\\All-In-One-WP-Migration-Pro-master\\lib\\vendor\\servmask\\filter\\class-ai1wm-recursive-newline-filter.php","line":28}

Jun 28 2024 14:35:16
{"type":8192,"message":"Return type of Ai1wm_Recursive_Newline_Filter::accept() should either be compatible with FilterIterator::accept(): bool, or the #[\\ReturnTypeWillChange] attribute should be used to temporarily suppress the notice","file":"D:\\B- PC\\LOCAL FILES PROJECTS\\GERMAN EYE CARE\\app\\public\\wp-content\\plugins\\All-In-One-WP-Migration-Pro-master\\lib\\vendor\\servmask\\filter\\class-ai1wm-recursive-newline-filter.php","line":28}

Jun 28 2024 14:35:28
{"type":8192,"message":"Return type of Ai1wm_Recursive_Newline_Filter::accept() should either be compatible with FilterIterator::accept(): bool, or the #[\\ReturnTypeWillChange] attribute should be used to temporarily suppress the notice","file":"D:\\B- PC\\LOCAL FILES PROJECTS\\GERMAN EYE CARE\\app\\public\\wp-content\\plugins\\All-In-One-WP-Migration-Pro-master\\lib\\vendor\\servmask\\filter\\class-ai1wm-recursive-newline-filter.php","line":28}

Jun 28 2024 14:35:41
{"type":8192,"message":"Return type of Ai1wm_Recursive_Newline_Filter::accept() should either be compatible with FilterIterator::accept(): bool, or the #[\\ReturnTypeWillChange] attribute should be used to temporarily suppress the notice","file":"D:\\B- PC\\LOCAL FILES PROJECTS\\GERMAN EYE CARE\\app\\public\\wp-content\\plugins\\All-In-One-WP-Migration-Pro-master\\lib\\vendor\\servmask\\filter\\class-ai1wm-recursive-newline-filter.php","line":28}

Jun 28 2024 14:35:54
{"type":8192,"message":"Return type of Ai1wm_Recursive_Newline_Filter::accept() should either be compatible with FilterIterator::accept(): bool, or the #[\\ReturnTypeWillChange] attribute should be used to temporarily suppress the notice","file":"D:\\B- PC\\LOCAL FILES PROJECTS\\GERMAN EYE CARE\\app\\public\\wp-content\\plugins\\All-In-One-WP-Migration-Pro-master\\lib\\vendor\\servmask\\filter\\class-ai1wm-recursive-newline-filter.php","line":28}

Jun 28 2024 14:36:06
{"type":8192,"message":"Return type of Ai1wm_Recursive_Newline_Filter::accept() should either be compatible with FilterIterator::accept(): bool, or the #[\\ReturnTypeWillChange] attribute should be used to temporarily suppress the notice","file":"D:\\B- PC\\LOCAL FILES PROJECTS\\GERMAN EYE CARE\\app\\public\\wp-content\\plugins\\All-In-One-WP-Migration-Pro-master\\lib\\vendor\\servmask\\filter\\class-ai1wm-recursive-newline-filter.php","line":28}

Jun 28 2024 14:36:18
{"type":8192,"message":"Return type of Ai1wm_Recursive_Newline_Filter::accept() should either be compatible with FilterIterator::accept(): bool, or the #[\\ReturnTypeWillChange] attribute should be used to temporarily suppress the notice","file":"D:\\B- PC\\LOCAL FILES PROJECTS\\GERMAN EYE CARE\\app\\public\\wp-content\\plugins\\All-In-One-WP-Migration-Pro-master\\lib\\vendor\\servmask\\filter\\class-ai1wm-recursive-newline-filter.php","line":28}

Jun 28 2024 14:36:28
{"type":8192,"message":"Return type of Ai1wm_Recursive_Newline_Filter::accept() should either be compatible with FilterIterator::accept(): bool, or the #[\\ReturnTypeWillChange] attribute should be used to temporarily suppress the notice","file":"D:\\B- PC\\LOCAL FILES PROJECTS\\GERMAN EYE CARE\\app\\public\\wp-content\\plugins\\All-In-One-WP-Migration-Pro-master\\lib\\vendor\\servmask\\filter\\class-ai1wm-recursive-newline-filter.php","line":28}

Jun 28 2024 14:36:30
{"type":8192,"message":"Return type of Ai1wm_Recursive_Newline_Filter::accept() should either be compatible with FilterIterator::accept(): bool, or the #[\\ReturnTypeWillChange] attribute should be used to temporarily suppress the notice","file":"D:\\B- PC\\LOCAL FILES PROJECTS\\GERMAN EYE CARE\\app\\public\\wp-content\\plugins\\All-In-One-WP-Migration-Pro-master\\lib\\vendor\\servmask\\filter\\class-ai1wm-recursive-newline-filter.php","line":28}

Jun 28 2024 14:36:33
{"type":8192,"message":"Return type of Ai1wm_Recursive_Newline_Filter::accept() should either be compatible with FilterIterator::accept(): bool, or the #[\\ReturnTypeWillChange] attribute should be used to temporarily suppress the notice","file":"D:\\B- PC\\LOCAL FILES PROJECTS\\GERMAN EYE CARE\\app\\public\\wp-content\\plugins\\All-In-One-WP-Migration-Pro-master\\lib\\vendor\\servmask\\filter\\class-ai1wm-recursive-newline-filter.php","line":28}

Jun 28 2024 14:36:35
{"type":8192,"message":"Return type of Ai1wm_Recursive_Newline_Filter::accept() should either be compatible with FilterIterator::accept(): bool, or the #[\\ReturnTypeWillChange] attribute should be used to temporarily suppress the notice","file":"D:\\B- PC\\LOCAL FILES PROJECTS\\GERMAN EYE CARE\\app\\public\\wp-content\\plugins\\All-In-One-WP-Migration-Pro-master\\lib\\vendor\\servmask\\filter\\class-ai1wm-recursive-newline-filter.php","line":28}

Jun 28 2024 14:36:37
{"type":8192,"message":"Return type of Ai1wm_Recursive_Newline_Filter::accept() should either be compatible with FilterIterator::accept(): bool, or the #[\\ReturnTypeWillChange] attribute should be used to temporarily suppress the notice","file":"D:\\B- PC\\LOCAL FILES PROJECTS\\GERMAN EYE CARE\\app\\public\\wp-content\\plugins\\All-In-One-WP-Migration-Pro-master\\lib\\vendor\\servmask\\filter\\class-ai1wm-recursive-newline-filter.php","line":28}

Jul 02 2024 14:16:54
{"Number":8192,"Message":"explode(): Passing null to parameter #2 ($string) of type string is deprecated","File":"D:\\B- PC\\LOCAL FILES PROJECTS\\GERMAN EYE CARE\\app\\public\\wp-content\\plugins\\All-In-One-WP-Migration-Pro-master\\functions.php","Line":338}

Jul 02 2024 14:16:55
{"type":8192,"message":"Return type of Ai1wm_Recursive_Newline_Filter::accept() should either be compatible with FilterIterator::accept(): bool, or the #[\\ReturnTypeWillChange] attribute should be used to temporarily suppress the notice","file":"D:\\B- PC\\LOCAL FILES PROJECTS\\GERMAN EYE CARE\\app\\public\\wp-content\\plugins\\All-In-One-WP-Migration-Pro-master\\lib\\vendor\\servmask\\filter\\class-ai1wm-recursive-newline-filter.php","line":28}

Jul 02 2024 14:16:57
{"type":8192,"message":"Return type of Ai1wm_Recursive_Newline_Filter::accept() should either be compatible with FilterIterator::accept(): bool, or the #[\\ReturnTypeWillChange] attribute should be used to temporarily suppress the notice","file":"D:\\B- PC\\LOCAL FILES PROJECTS\\GERMAN EYE CARE\\app\\public\\wp-content\\plugins\\All-In-One-WP-Migration-Pro-master\\lib\\vendor\\servmask\\filter\\class-ai1wm-recursive-newline-filter.php","line":28}

Jul 02 2024 14:16:59
{"type":8192,"message":"Return type of Ai1wm_Recursive_Newline_Filter::accept() should either be compatible with FilterIterator::accept(): bool, or the #[\\ReturnTypeWillChange] attribute should be used to temporarily suppress the notice","file":"D:\\B- PC\\LOCAL FILES PROJECTS\\GERMAN EYE CARE\\app\\public\\wp-content\\plugins\\All-In-One-WP-Migration-Pro-master\\lib\\vendor\\servmask\\filter\\class-ai1wm-recursive-newline-filter.php","line":28}

Jul 02 2024 14:17:01
{"type":8192,"message":"Return type of Ai1wm_Recursive_Newline_Filter::accept() should either be compatible with FilterIterator::accept(): bool, or the #[\\ReturnTypeWillChange] attribute should be used to temporarily suppress the notice","file":"D:\\B- PC\\LOCAL FILES PROJECTS\\GERMAN EYE CARE\\app\\public\\wp-content\\plugins\\All-In-One-WP-Migration-Pro-master\\lib\\vendor\\servmask\\filter\\class-ai1wm-recursive-newline-filter.php","line":28}

Jul 02 2024 14:17:04
{"type":8192,"message":"Return type of Ai1wm_Recursive_Newline_Filter::accept() should either be compatible with FilterIterator::accept(): bool, or the #[\\ReturnTypeWillChange] attribute should be used to temporarily suppress the notice","file":"D:\\B- PC\\LOCAL FILES PROJECTS\\GERMAN EYE CARE\\app\\public\\wp-content\\plugins\\All-In-One-WP-Migration-Pro-master\\lib\\vendor\\servmask\\filter\\class-ai1wm-recursive-newline-filter.php","line":28}

Jul 02 2024 14:17:16
{"type":8192,"message":"Return type of Ai1wm_Recursive_Newline_Filter::accept() should either be compatible with FilterIterator::accept(): bool, or the #[\\ReturnTypeWillChange] attribute should be used to temporarily suppress the notice","file":"D:\\B- PC\\LOCAL FILES PROJECTS\\GERMAN EYE CARE\\app\\public\\wp-content\\plugins\\All-In-One-WP-Migration-Pro-master\\lib\\vendor\\servmask\\filter\\class-ai1wm-recursive-newline-filter.php","line":28}

Jul 02 2024 14:17:30
{"type":8192,"message":"Return type of Ai1wm_Recursive_Newline_Filter::accept() should either be compatible with FilterIterator::accept(): bool, or the #[\\ReturnTypeWillChange] attribute should be used to temporarily suppress the notice","file":"D:\\B- PC\\LOCAL FILES PROJECTS\\GERMAN EYE CARE\\app\\public\\wp-content\\plugins\\All-In-One-WP-Migration-Pro-master\\lib\\vendor\\servmask\\filter\\class-ai1wm-recursive-newline-filter.php","line":28}

Jul 02 2024 14:17:42
{"type":8192,"message":"Return type of Ai1wm_Recursive_Newline_Filter::accept() should either be compatible with FilterIterator::accept(): bool, or the #[\\ReturnTypeWillChange] attribute should be used to temporarily suppress the notice","file":"D:\\B- PC\\LOCAL FILES PROJECTS\\GERMAN EYE CARE\\app\\public\\wp-content\\plugins\\All-In-One-WP-Migration-Pro-master\\lib\\vendor\\servmask\\filter\\class-ai1wm-recursive-newline-filter.php","line":28}

Jul 02 2024 14:17:54
{"type":8192,"message":"Return type of Ai1wm_Recursive_Newline_Filter::accept() should either be compatible with FilterIterator::accept(): bool, or the #[\\ReturnTypeWillChange] attribute should be used to temporarily suppress the notice","file":"D:\\B- PC\\LOCAL FILES PROJECTS\\GERMAN EYE CARE\\app\\public\\wp-content\\plugins\\All-In-One-WP-Migration-Pro-master\\lib\\vendor\\servmask\\filter\\class-ai1wm-recursive-newline-filter.php","line":28}

Jul 02 2024 14:18:07
{"type":8192,"message":"Return type of Ai1wm_Recursive_Newline_Filter::accept() should either be compatible with FilterIterator::accept(): bool, or the #[\\ReturnTypeWillChange] attribute should be used to temporarily suppress the notice","file":"D:\\B- PC\\LOCAL FILES PROJECTS\\GERMAN EYE CARE\\app\\public\\wp-content\\plugins\\All-In-One-WP-Migration-Pro-master\\lib\\vendor\\servmask\\filter\\class-ai1wm-recursive-newline-filter.php","line":28}

Jul 02 2024 14:18:20
{"type":8192,"message":"Return type of Ai1wm_Recursive_Newline_Filter::accept() should either be compatible with FilterIterator::accept(): bool, or the #[\\ReturnTypeWillChange] attribute should be used to temporarily suppress the notice","file":"D:\\B- PC\\LOCAL FILES PROJECTS\\GERMAN EYE CARE\\app\\public\\wp-content\\plugins\\All-In-One-WP-Migration-Pro-master\\lib\\vendor\\servmask\\filter\\class-ai1wm-recursive-newline-filter.php","line":28}

Jul 02 2024 14:18:32
{"type":8192,"message":"Return type of Ai1wm_Recursive_Newline_Filter::accept() should either be compatible with FilterIterator::accept(): bool, or the #[\\ReturnTypeWillChange] attribute should be used to temporarily suppress the notice","file":"D:\\B- PC\\LOCAL FILES PROJECTS\\GERMAN EYE CARE\\app\\public\\wp-content\\plugins\\All-In-One-WP-Migration-Pro-master\\lib\\vendor\\servmask\\filter\\class-ai1wm-recursive-newline-filter.php","line":28}

Jul 02 2024 14:18:47
{"type":8192,"message":"Return type of Ai1wm_Recursive_Newline_Filter::accept() should either be compatible with FilterIterator::accept(): bool, or the #[\\ReturnTypeWillChange] attribute should be used to temporarily suppress the notice","file":"D:\\B- PC\\LOCAL FILES PROJECTS\\GERMAN EYE CARE\\app\\public\\wp-content\\plugins\\All-In-One-WP-Migration-Pro-master\\lib\\vendor\\servmask\\filter\\class-ai1wm-recursive-newline-filter.php","line":28}

Jul 02 2024 14:18:59
{"type":8192,"message":"Return type of Ai1wm_Recursive_Newline_Filter::accept() should either be compatible with FilterIterator::accept(): bool, or the #[\\ReturnTypeWillChange] attribute should be used to temporarily suppress the notice","file":"D:\\B- PC\\LOCAL FILES PROJECTS\\GERMAN EYE CARE\\app\\public\\wp-content\\plugins\\All-In-One-WP-Migration-Pro-master\\lib\\vendor\\servmask\\filter\\class-ai1wm-recursive-newline-filter.php","line":28}

Jul 02 2024 14:19:05
{"type":8192,"message":"Return type of Ai1wm_Recursive_Newline_Filter::accept() should either be compatible with FilterIterator::accept(): bool, or the #[\\ReturnTypeWillChange] attribute should be used to temporarily suppress the notice","file":"D:\\B- PC\\LOCAL FILES PROJECTS\\GERMAN EYE CARE\\app\\public\\wp-content\\plugins\\All-In-One-WP-Migration-Pro-master\\lib\\vendor\\servmask\\filter\\class-ai1wm-recursive-newline-filter.php","line":28}

Jul 02 2024 14:19:07
{"type":8192,"message":"Return type of Ai1wm_Recursive_Newline_Filter::accept() should either be compatible with FilterIterator::accept(): bool, or the #[\\ReturnTypeWillChange] attribute should be used to temporarily suppress the notice","file":"D:\\B- PC\\LOCAL FILES PROJECTS\\GERMAN EYE CARE\\app\\public\\wp-content\\plugins\\All-In-One-WP-Migration-Pro-master\\lib\\vendor\\servmask\\filter\\class-ai1wm-recursive-newline-filter.php","line":28}

Jul 02 2024 14:19:10
{"type":8192,"message":"Return type of Ai1wm_Recursive_Newline_Filter::accept() should either be compatible with FilterIterator::accept(): bool, or the #[\\ReturnTypeWillChange] attribute should be used to temporarily suppress the notice","file":"D:\\B- PC\\LOCAL FILES PROJECTS\\GERMAN EYE CARE\\app\\public\\wp-content\\plugins\\All-In-One-WP-Migration-Pro-master\\lib\\vendor\\servmask\\filter\\class-ai1wm-recursive-newline-filter.php","line":28}

Jul 02 2024 14:19:12
{"type":8192,"message":"Return type of Ai1wm_Recursive_Newline_Filter::accept() should either be compatible with FilterIterator::accept(): bool, or the #[\\ReturnTypeWillChange] attribute should be used to temporarily suppress the notice","file":"D:\\B- PC\\LOCAL FILES PROJECTS\\GERMAN EYE CARE\\app\\public\\wp-content\\plugins\\All-In-One-WP-Migration-Pro-master\\lib\\vendor\\servmask\\filter\\class-ai1wm-recursive-newline-filter.php","line":28}

Jul 02 2024 14:19:15
{"type":8192,"message":"Return type of Ai1wm_Recursive_Newline_Filter::accept() should either be compatible with FilterIterator::accept(): bool, or the #[\\ReturnTypeWillChange] attribute should be used to temporarily suppress the notice","file":"D:\\B- PC\\LOCAL FILES PROJECTS\\GERMAN EYE CARE\\app\\public\\wp-content\\plugins\\All-In-One-WP-Migration-Pro-master\\lib\\vendor\\servmask\\filter\\class-ai1wm-recursive-newline-filter.php","line":28}

Jul 08 2024 14:44:20
{"Number":8192,"Message":"explode(): Passing null to parameter #2 ($string) of type string is deprecated","File":"D:\\B- PC\\LOCAL FILES PROJECTS\\GERMAN EYE CARE\\app\\public\\wp-content\\plugins\\All-In-One-WP-Migration-Pro-master\\functions.php","Line":338}

Jul 08 2024 14:44:21
{"type":8192,"message":"Return type of Ai1wm_Recursive_Newline_Filter::accept() should either be compatible with FilterIterator::accept(): bool, or the #[\\ReturnTypeWillChange] attribute should be used to temporarily suppress the notice","file":"D:\\B- PC\\LOCAL FILES PROJECTS\\GERMAN EYE CARE\\app\\public\\wp-content\\plugins\\All-In-One-WP-Migration-Pro-master\\lib\\vendor\\servmask\\filter\\class-ai1wm-recursive-newline-filter.php","line":28}

Jul 08 2024 14:44:23
{"type":8192,"message":"Return type of Ai1wm_Recursive_Newline_Filter::accept() should either be compatible with FilterIterator::accept(): bool, or the #[\\ReturnTypeWillChange] attribute should be used to temporarily suppress the notice","file":"D:\\B- PC\\LOCAL FILES PROJECTS\\GERMAN EYE CARE\\app\\public\\wp-content\\plugins\\All-In-One-WP-Migration-Pro-master\\lib\\vendor\\servmask\\filter\\class-ai1wm-recursive-newline-filter.php","line":28}

Jul 08 2024 14:44:25
{"type":8192,"message":"Return type of Ai1wm_Recursive_Newline_Filter::accept() should either be compatible with FilterIterator::accept(): bool, or the #[\\ReturnTypeWillChange] attribute should be used to temporarily suppress the notice","file":"D:\\B- PC\\LOCAL FILES PROJECTS\\GERMAN EYE CARE\\app\\public\\wp-content\\plugins\\All-In-One-WP-Migration-Pro-master\\lib\\vendor\\servmask\\filter\\class-ai1wm-recursive-newline-filter.php","line":28}

Jul 08 2024 14:44:27
{"type":8192,"message":"Return type of Ai1wm_Recursive_Newline_Filter::accept() should either be compatible with FilterIterator::accept(): bool, or the #[\\ReturnTypeWillChange] attribute should be used to temporarily suppress the notice","file":"D:\\B- PC\\LOCAL FILES PROJECTS\\GERMAN EYE CARE\\app\\public\\wp-content\\plugins\\All-In-One-WP-Migration-Pro-master\\lib\\vendor\\servmask\\filter\\class-ai1wm-recursive-newline-filter.php","line":28}

Jul 08 2024 14:44:30
{"type":8192,"message":"Return type of Ai1wm_Recursive_Newline_Filter::accept() should either be compatible with FilterIterator::accept(): bool, or the #[\\ReturnTypeWillChange] attribute should be used to temporarily suppress the notice","file":"D:\\B- PC\\LOCAL FILES PROJECTS\\GERMAN EYE CARE\\app\\public\\wp-content\\plugins\\All-In-One-WP-Migration-Pro-master\\lib\\vendor\\servmask\\filter\\class-ai1wm-recursive-newline-filter.php","line":28}

Jul 08 2024 14:44:42
{"type":8192,"message":"Return type of Ai1wm_Recursive_Newline_Filter::accept() should either be compatible with FilterIterator::accept(): bool, or the #[\\ReturnTypeWillChange] attribute should be used to temporarily suppress the notice","file":"D:\\B- PC\\LOCAL FILES PROJECTS\\GERMAN EYE CARE\\app\\public\\wp-content\\plugins\\All-In-One-WP-Migration-Pro-master\\lib\\vendor\\servmask\\filter\\class-ai1wm-recursive-newline-filter.php","line":28}

Jul 08 2024 14:44:54
{"type":8192,"message":"Return type of Ai1wm_Recursive_Newline_Filter::accept() should either be compatible with FilterIterator::accept(): bool, or the #[\\ReturnTypeWillChange] attribute should be used to temporarily suppress the notice","file":"D:\\B- PC\\LOCAL FILES PROJECTS\\GERMAN EYE CARE\\app\\public\\wp-content\\plugins\\All-In-One-WP-Migration-Pro-master\\lib\\vendor\\servmask\\filter\\class-ai1wm-recursive-newline-filter.php","line":28}

Jul 08 2024 14:45:07
{"type":8192,"message":"Return type of Ai1wm_Recursive_Newline_Filter::accept() should either be compatible with FilterIterator::accept(): bool, or the #[\\ReturnTypeWillChange] attribute should be used to temporarily suppress the notice","file":"D:\\B- PC\\LOCAL FILES PROJECTS\\GERMAN EYE CARE\\app\\public\\wp-content\\plugins\\All-In-One-WP-Migration-Pro-master\\lib\\vendor\\servmask\\filter\\class-ai1wm-recursive-newline-filter.php","line":28}

Jul 08 2024 14:45:19
{"type":8192,"message":"Return type of Ai1wm_Recursive_Newline_Filter::accept() should either be compatible with FilterIterator::accept(): bool, or the #[\\ReturnTypeWillChange] attribute should be used to temporarily suppress the notice","file":"D:\\B- PC\\LOCAL FILES PROJECTS\\GERMAN EYE CARE\\app\\public\\wp-content\\plugins\\All-In-One-WP-Migration-Pro-master\\lib\\vendor\\servmask\\filter\\class-ai1wm-recursive-newline-filter.php","line":28}

Jul 08 2024 14:45:31
{"type":8192,"message":"Return type of Ai1wm_Recursive_Newline_Filter::accept() should either be compatible with FilterIterator::accept(): bool, or the #[\\ReturnTypeWillChange] attribute should be used to temporarily suppress the notice","file":"D:\\B- PC\\LOCAL FILES PROJECTS\\GERMAN EYE CARE\\app\\public\\wp-content\\plugins\\All-In-One-WP-Migration-Pro-master\\lib\\vendor\\servmask\\filter\\class-ai1wm-recursive-newline-filter.php","line":28}

Jul 08 2024 14:45:44
{"type":8192,"message":"Return type of Ai1wm_Recursive_Newline_Filter::accept() should either be compatible with FilterIterator::accept(): bool, or the #[\\ReturnTypeWillChange] attribute should be used to temporarily suppress the notice","file":"D:\\B- PC\\LOCAL FILES PROJECTS\\GERMAN EYE CARE\\app\\public\\wp-content\\plugins\\All-In-One-WP-Migration-Pro-master\\lib\\vendor\\servmask\\filter\\class-ai1wm-recursive-newline-filter.php","line":28}

Jul 08 2024 14:45:56
{"type":8192,"message":"Return type of Ai1wm_Recursive_Newline_Filter::accept() should either be compatible with FilterIterator::accept(): bool, or the #[\\ReturnTypeWillChange] attribute should be used to temporarily suppress the notice","file":"D:\\B- PC\\LOCAL FILES PROJECTS\\GERMAN EYE CARE\\app\\public\\wp-content\\plugins\\All-In-One-WP-Migration-Pro-master\\lib\\vendor\\servmask\\filter\\class-ai1wm-recursive-newline-filter.php","line":28}

Jul 08 2024 14:46:08
{"type":8192,"message":"Return type of Ai1wm_Recursive_Newline_Filter::accept() should either be compatible with FilterIterator::accept(): bool, or the #[\\ReturnTypeWillChange] attribute should be used to temporarily suppress the notice","file":"D:\\B- PC\\LOCAL FILES PROJECTS\\GERMAN EYE CARE\\app\\public\\wp-content\\plugins\\All-In-One-WP-Migration-Pro-master\\lib\\vendor\\servmask\\filter\\class-ai1wm-recursive-newline-filter.php","line":28}

Jul 08 2024 14:46:13
{"type":8192,"message":"Return type of Ai1wm_Recursive_Newline_Filter::accept() should either be compatible with FilterIterator::accept(): bool, or the #[\\ReturnTypeWillChange] attribute should be used to temporarily suppress the notice","file":"D:\\B- PC\\LOCAL FILES PROJECTS\\GERMAN EYE CARE\\app\\public\\wp-content\\plugins\\All-In-One-WP-Migration-Pro-master\\lib\\vendor\\servmask\\filter\\class-ai1wm-recursive-newline-filter.php","line":28}

Jul 08 2024 14:46:16
{"type":8192,"message":"Return type of Ai1wm_Recursive_Newline_Filter::accept() should either be compatible with FilterIterator::accept(): bool, or the #[\\ReturnTypeWillChange] attribute should be used to temporarily suppress the notice","file":"D:\\B- PC\\LOCAL FILES PROJECTS\\GERMAN EYE CARE\\app\\public\\wp-content\\plugins\\All-In-One-WP-Migration-Pro-master\\lib\\vendor\\servmask\\filter\\class-ai1wm-recursive-newline-filter.php","line":28}

Jul 08 2024 14:46:18
{"type":8192,"message":"Return type of Ai1wm_Recursive_Newline_Filter::accept() should either be compatible with FilterIterator::accept(): bool, or the #[\\ReturnTypeWillChange] attribute should be used to temporarily suppress the notice","file":"D:\\B- PC\\LOCAL FILES PROJECTS\\GERMAN EYE CARE\\app\\public\\wp-content\\plugins\\All-In-One-WP-Migration-Pro-master\\lib\\vendor\\servmask\\filter\\class-ai1wm-recursive-newline-filter.php","line":28}

Jul 08 2024 14:46:20
{"type":8192,"message":"Return type of Ai1wm_Recursive_Newline_Filter::accept() should either be compatible with FilterIterator::accept(): bool, or the #[\\ReturnTypeWillChange] attribute should be used to temporarily suppress the notice","file":"D:\\B- PC\\LOCAL FILES PROJECTS\\GERMAN EYE CARE\\app\\public\\wp-content\\plugins\\All-In-One-WP-Migration-Pro-master\\lib\\vendor\\servmask\\filter\\class-ai1wm-recursive-newline-filter.php","line":28}

Jul 08 2024 14:46:23
{"type":8192,"message":"Return type of Ai1wm_Recursive_Newline_Filter::accept() should either be compatible with FilterIterator::accept(): bool, or the #[\\ReturnTypeWillChange] attribute should be used to temporarily suppress the notice","file":"D:\\B- PC\\LOCAL FILES PROJECTS\\GERMAN EYE CARE\\app\\public\\wp-content\\plugins\\All-In-One-WP-Migration-Pro-master\\lib\\vendor\\servmask\\filter\\class-ai1wm-recursive-newline-filter.php","line":28}

